{"time":"2025-06-21T17:42:41.219862338+03:00","level":"INFO","source":{"function":"github.com/museslabs/kyma/internal/logger.initLogger","file":"/home/fanis/code/kyma/internal/logger/logger.go","line":69},"msg":"Logger initialized","log_file":"./kyma.log","format":"json"}
{"time":"2025-06-21T17:42:41.219913339+03:00","level":"INFO","source":{"function":"github.com/museslabs/kyma/cmd.init.func2","file":"/home/fanis/code/kyma/cmd/root.go","line":64},"msg":"Starting Kyma"}
{"time":"2025-06-21T17:42:41.220098698+03:00","level":"INFO","source":{"function":"github.com/museslabs/kyma/cmd.init.func2","file":"/home/fanis/code/kyma/cmd/root.go","line":72},"msg":"Loading presentation","filename":"presentation.md"}
{"time":"2025-06-21T17:42:41.220287844+03:00","level":"INFO","source":{"function":"github.com/museslabs/kyma/cmd.init.func2","file":"/home/fanis/code/kyma/cmd/root.go","line":86},"msg":"Successfully parsed presentation"}
{"time":"2025-06-21T17:42:41.220780048+03:00","level":"INFO","source":{"function":"github.com/museslabs/kyma/internal/tui.SpeakerNotesModel.Update","file":"/home/fanis/code/kyma/internal/tui/speaker_notes.go","line":175},"msg":"Speaker notes: slide changed","slide":2}
{"time":"2025-06-21T17:42:41.998902551+03:00","level":"WARN","source":{"function":"github.com/museslabs/kyma/internal/tui.SpeakerNotesModel.listenForSlideChangesWithReconnect","file":"/home/fanis/code/kyma/internal/tui/speaker_notes.go","line":134},"msg":"Gamias in listen for slide changes with reconnect"}
{"time":"2025-06-21T17:42:47.900283662+03:00","level":"INFO","source":{"function":"github.com/museslabs/kyma/internal/logger.initLogger","file":"/home/fanis/code/kyma/internal/logger/logger.go","line":69},"msg":"Logger initialized","log_file":"./kyma.log","format":"json"}
{"time":"2025-06-21T17:42:47.900356462+03:00","level":"INFO","source":{"function":"github.com/museslabs/kyma/cmd.init.func2","file":"/home/fanis/code/kyma/cmd/root.go","line":64},"msg":"Starting Kyma"}
{"time":"2025-06-21T17:42:47.900640775+03:00","level":"INFO","source":{"function":"github.com/museslabs/kyma/cmd.init.func2","file":"/home/fanis/code/kyma/cmd/root.go","line":72},"msg":"Loading presentation","filename":"presentation.md"}
{"time":"2025-06-21T17:42:47.900928522+03:00","level":"INFO","source":{"function":"github.com/museslabs/kyma/cmd.init.func2","file":"/home/fanis/code/kyma/cmd/root.go","line":86},"msg":"Successfully parsed presentation"}
{"time":"2025-06-21T17:42:47.901646773+03:00","level":"INFO","source":{"function":"github.com/museslabs/kyma/internal/tui.SpeakerNotesModel.Update","file":"/home/fanis/code/kyma/internal/tui/speaker_notes.go","line":175},"msg":"Speaker notes: slide changed","slide":0}
{"time":"2025-06-21T17:42:49.396856676+03:00","level":"INFO","source":{"function":"github.com/museslabs/kyma/internal/tui.SpeakerNotesModel.Update","file":"/home/fanis/code/kyma/internal/tui/speaker_notes.go","line":175},"msg":"Speaker notes: slide changed","slide":1}
{"time":"2025-06-21T17:42:49.979851027+03:00","level":"INFO","source":{"function":"github.com/museslabs/kyma/internal/tui.SpeakerNotesModel.Update","file":"/home/fanis/code/kyma/internal/tui/speaker_notes.go","line":175},"msg":"Speaker notes: slide changed","slide":2}
{"time":"2025-06-21T17:42:51.015175829+03:00","level":"WARN","source":{"function":"github.com/museslabs/kyma/internal/tui.SpeakerNotesModel.listenForSlideChangesWithReconnect","file":"/home/fanis/code/kyma/internal/tui/speaker_notes.go","line":134},"msg":"Gamias in listen for slide changes with reconnect"}
{"time":"2025-06-21T17:43:14.985373901+03:00","level":"INFO","source":{"function":"github.com/museslabs/kyma/internal/logger.initLogger","file":"/home/fanis/code/kyma/internal/logger/logger.go","line":69},"msg":"Logger initialized","log_file":"./kyma.log","format":"json"}
{"time":"2025-06-21T17:43:14.985429083+03:00","level":"INFO","source":{"function":"github.com/museslabs/kyma/cmd.init.func2","file":"/home/fanis/code/kyma/cmd/root.go","line":64},"msg":"Starting Kyma"}
{"time":"2025-06-21T17:43:14.985653818+03:00","level":"INFO","source":{"function":"github.com/museslabs/kyma/cmd.init.func2","file":"/home/fanis/code/kyma/cmd/root.go","line":72},"msg":"Loading presentation","filename":"presentation.md"}
{"time":"2025-06-21T17:43:14.98587003+03:00","level":"INFO","source":{"function":"github.com/museslabs/kyma/cmd.init.func2","file":"/home/fanis/code/kyma/cmd/root.go","line":86},"msg":"Successfully parsed presentation"}
{"time":"2025-06-21T17:43:14.987113418+03:00","level":"INFO","source":{"function":"github.com/museslabs/kyma/internal/tui.SpeakerNotesModel.Update","file":"/home/fanis/code/kyma/internal/tui/speaker_notes.go","line":175},"msg":"Speaker notes: slide changed","slide":2}
{"time":"2025-06-21T17:43:15.869079104+03:00","level":"WARN","source":{"function":"github.com/museslabs/kyma/internal/tui.SpeakerNotesModel.listenForSlideChangesWithReconnect","file":"/home/fanis/code/kyma/internal/tui/speaker_notes.go","line":134},"msg":"Gamias in listen for slide changes with reconnect"}
{"time":"2025-06-21T17:47:38.991998055+03:00","level":"INFO","source":{"function":"github.com/museslabs/kyma/internal/logger.initLogger","file":"/home/fanis/code/kyma/internal/logger/logger.go","line":69},"msg":"Logger initialized","log_file":"./kyma.log","format":"json"}
{"time":"2025-06-21T17:47:38.992076464+03:00","level":"INFO","source":{"function":"github.com/museslabs/kyma/cmd.init.func2","file":"/home/fanis/code/kyma/cmd/root.go","line":64},"msg":"Starting Kyma"}
{"time":"2025-06-21T17:47:38.992373105+03:00","level":"INFO","source":{"function":"github.com/museslabs/kyma/cmd.init.func2","file":"/home/fanis/code/kyma/cmd/root.go","line":72},"msg":"Loading presentation","filename":"presentation.md"}
{"time":"2025-06-21T17:47:38.992704107+03:00","level":"INFO","source":{"function":"github.com/museslabs/kyma/cmd.init.func2","file":"/home/fanis/code/kyma/cmd/root.go","line":86},"msg":"Successfully parsed presentation"}
{"time":"2025-06-21T17:47:38.992886093+03:00","level":"WARN","source":{"function":"github.com/museslabs/kyma/internal/tui.NewSpeakerNotes","file":"/home/fanis/code/kyma/internal/tui/speaker_notes.go","line":74},"msg":"Failed to connect to sync server - run the main presentation first","error":"failed to connect to sync server: dial tcp 127.0.0.1:34622: connect: connection refused"}
{"time":"2025-06-21T17:47:45.840600946+03:00","level":"INFO","source":{"function":"github.com/museslabs/kyma/internal/tui.SpeakerNotesModel.Update","file":"/home/fanis/code/kyma/internal/tui/speaker_notes.go","line":158},"msg":"Speaker notes: slide changed","slide":0}
{"time":"2025-06-21T17:47:47.551982082+03:00","level":"INFO","source":{"function":"github.com/museslabs/kyma/internal/tui.SpeakerNotesModel.Update","file":"/home/fanis/code/kyma/internal/tui/speaker_notes.go","line":158},"msg":"Speaker notes: slide changed","slide":1}
{"time":"2025-06-21T17:47:48.196392735+03:00","level":"INFO","source":{"function":"github.com/museslabs/kyma/internal/tui.SpeakerNotesModel.Update","file":"/home/fanis/code/kyma/internal/tui/speaker_notes.go","line":158},"msg":"Speaker notes: slide changed","slide":2}
{"time":"2025-06-21T17:47:49.276310828+03:00","level":"WARN","source":{"function":"github.com/museslabs/kyma/internal/tui.(*SyncClient).ListenForSlideChanges","file":"/home/fanis/code/kyma/internal/tui/sync_server.go","line":144},"msg":"Gamias"}
